login:1 [DOM] Input elements should have autocomplete attributes (suggested: "current-password"): (More info: https://goo.gl/9p2vKq) <input type=​"password" class=​"flex h-10 w-full rounded-md border border-input bg-background px-3 py-2 text-sm ring-offset-background file:​border-0 file:​bg-transparent file:​text-sm file:​font-medium placeholder:​text-muted-foreground focus-visible:​outline-none focus-visible:​ring-2 focus-visible:​ring-ring focus-visible:​ring-offset-2 disabled:​cursor-not-allowed disabled:​opacity-50" id=​":​Rl7rrmj6:​-form-item" aria-describedby=​":​Rl7rrmj6:​-form-item-description" aria-invalid=​"false" name=​"password" value>​flex
main-app.js?v=1741149408850:1836 Download the React DevTools for a better development experience: https://reactjs.org/link/react-devtools
app-index.js:33 [next-auth][error][CLIENT_FETCH_ERROR] 
https://next-auth.js.org/errors#client_fetch_error Unexpected token '<', "<!DOCTYPE "... is not valid JSON {error: {…}, url: '/api/auth/session', message: `Unexpected token '<', "<!DOCTYPE "... is not valid JSON`}client: trueerror: message: "Unexpected token '<', \"<!DOCTYPE \"... is not valid JSON"name: "SyntaxError"stack: "SyntaxError: Unexpected token '<', \"<!DOCTYPE \"... is not valid JSON"[[Prototype]]: Objectmessage: "Unexpected token '<', \"<!DOCTYPE \"... is not valid JSON"url: "/api/auth/session"[[Prototype]]: Objectconstructor: ƒ Object()hasOwnProperty: ƒ hasOwnProperty()isPrototypeOf: ƒ isPrototypeOf()propertyIsEnumerable: ƒ propertyIsEnumerable()toLocaleString: ƒ toLocaleString()toString: ƒ toString()valueOf: ƒ valueOf()__defineGetter__: ƒ __defineGetter__()__defineSetter__: ƒ __defineSetter__()__lookupGetter__: ƒ __lookupGetter__()__lookupSetter__: ƒ __lookupSetter__()__proto__: (...)get __proto__: ƒ __proto__()set __proto__: ƒ __proto__()
window.console.error @ app-index.js:33
console.error @ hydration-error-info.js:63
error @ logger.js:37
_callee$ @ logger.js:70
tryCatch @ regeneratorRuntime.js:45
eval @ regeneratorRuntime.js:133
eval @ regeneratorRuntime.js:74
asyncGeneratorStep @ asyncToGenerator.js:3
_next @ asyncToGenerator.js:17
eval @ asyncToGenerator.js:22
eval @ asyncToGenerator.js:14
eval @ logger.js:102
_callee$ @ _utils.js:66
tryCatch @ regeneratorRuntime.js:45
eval @ regeneratorRuntime.js:133
eval @ regeneratorRuntime.js:74
asyncGeneratorStep @ asyncToGenerator.js:3
_throw @ asyncToGenerator.js:20
Promise.then
asyncGeneratorStep @ asyncToGenerator.js:8
_next @ asyncToGenerator.js:17
Promise.then
asyncGeneratorStep @ asyncToGenerator.js:8
_next @ asyncToGenerator.js:17
eval @ asyncToGenerator.js:22
eval @ asyncToGenerator.js:14
_fetchData @ _utils.js:77
fetchData @ _utils.js:17
_callee3$ @ index.js:127
tryCatch @ regeneratorRuntime.js:45
eval @ regeneratorRuntime.js:133
eval @ regeneratorRuntime.js:74
asyncGeneratorStep @ asyncToGenerator.js:3
_next @ asyncToGenerator.js:17
eval @ asyncToGenerator.js:22
eval @ asyncToGenerator.js:14
_getSession2 @ index.js:145
getSession @ index.js:117
_callee$ @ index.js:401
tryCatch @ regeneratorRuntime.js:45
eval @ regeneratorRuntime.js:133
eval @ regeneratorRuntime.js:74
asyncGeneratorStep @ asyncToGenerator.js:3
_next @ asyncToGenerator.js:17
eval @ asyncToGenerator.js:22
eval @ asyncToGenerator.js:14
eval @ index.js:437
commitHookEffectListMount @ react-dom.development.js:21102
commitHookPassiveMountEffects @ react-dom.development.js:23154
commitPassiveMountOnFiber @ react-dom.development.js:23259
recursivelyTraversePassiveMountEffects @ react-dom.development.js:23237
commitPassiveMountOnFiber @ react-dom.development.js:23256
recursivelyTraversePassiveMountEffects @ react-dom.development.js:23237
commitPassiveMountOnFiber @ react-dom.development.js:23370
recursivelyTraversePassiveMountEffects @ react-dom.development.js:23237
commitPassiveMountOnFiber @ react-dom.development.js:23370
recursivelyTraversePassiveMountEffects @ react-dom.development.js:23237
commitPassiveMountOnFiber @ react-dom.development.js:23370
recursivelyTraversePassiveMountEffects @ react-dom.development.js:23237
commitPassiveMountOnFiber @ react-dom.development.js:23370
recursivelyTraversePassiveMountEffects @ react-dom.development.js:23237
commitPassiveMountOnFiber @ react-dom.development.js:23370
recursivelyTraversePassiveMountEffects @ react-dom.development.js:23237
commitPassiveMountOnFiber @ react-dom.development.js:23256
recursivelyTraversePassiveMountEffects @ react-dom.development.js:23237
commitPassiveMountOnFiber @ react-dom.development.js:23370
recursivelyTraversePassiveMountEffects @ react-dom.development.js:23237
commitPassiveMountOnFiber @ react-dom.development.js:23370
recursivelyTraversePassiveMountEffects @ react-dom.development.js:23237
commitPassiveMountOnFiber @ react-dom.development.js:23256
recursivelyTraversePassiveMountEffects @ react-dom.development.js:23237
commitPassiveMountOnFiber @ react-dom.development.js:23256
recursivelyTraversePassiveMountEffects @ react-dom.development.js:23237
commitPassiveMountOnFiber @ react-dom.development.js:23370
recursivelyTraversePassiveMountEffects @ react-dom.development.js:23237
commitPassiveMountOnFiber @ react-dom.development.js:23256
recursivelyTraversePassiveMountEffects @ react-dom.development.js:23237
commitPassiveMountOnFiber @ react-dom.development.js:23370
recursivelyTraversePassiveMountEffects @ react-dom.development.js:23237
commitPassiveMountOnFiber @ react-dom.development.js:23370
recursivelyTraversePassiveMountEffects @ react-dom.development.js:23237
commitPassiveMountOnFiber @ react-dom.development.js:23370
recursivelyTraversePassiveMountEffects @ react-dom.development.js:23237
commitPassiveMountOnFiber @ react-dom.development.js:23370
recursivelyTraversePassiveMountEffects @ react-dom.development.js:23237
commitPassiveMountOnFiber @ react-dom.development.js:23370
recursivelyTraversePassiveMountEffects @ react-dom.development.js:23237
commitPassiveMountOnFiber @ react-dom.development.js:23370
recursivelyTraversePassiveMountEffects @ react-dom.development.js:23237
commitPassiveMountOnFiber @ react-dom.development.js:23256
recursivelyTraversePassiveMountEffects @ react-dom.development.js:23237
commitPassiveMountOnFiber @ react-dom.development.js:23370
recursivelyTraversePassiveMountEffects @ react-dom.development.js:23237
commitPassiveMountOnFiber @ react-dom.development.js:23256
recursivelyTraversePassiveMountEffects @ react-dom.development.js:23237
commitPassiveMountOnFiber @ react-dom.development.js:23256
recursivelyTraversePassiveMountEffects @ react-dom.development.js:23237
commitPassiveMountOnFiber @ react-dom.development.js:23256
recursivelyTraversePassiveMountEffects @ react-dom.development.js:23237
commitPassiveMountOnFiber @ react-dom.development.js:23256
recursivelyTraversePassiveMountEffects @ react-dom.development.js:23237
commitPassiveMountOnFiber @ react-dom.development.js:23370
recursivelyTraversePassiveMountEffects @ react-dom.development.js:23237
commitPassiveMountOnFiber @ react-dom.development.js:23370
recursivelyTraversePassiveMountEffects @ react-dom.development.js:23237
commitPassiveMountOnFiber @ react-dom.development.js:23370
recursivelyTraversePassiveMountEffects @ react-dom.development.js:23237
commitPassiveMountOnFiber @ react-dom.development.js:23267
commitPassiveMountEffects @ react-dom.development.js:23225
flushPassiveEffectsImpl @ react-dom.development.js:26497
flushPassiveEffects @ react-dom.development.js:26438
performSyncWorkOnRoot @ react-dom.development.js:24870
flushSyncWorkAcrossRoots_impl @ react-dom.development.js:7758
flushSyncWorkOnAllRoots @ react-dom.development.js:7718
commitRootImpl @ react-dom.development.js:26369
commitRoot @ react-dom.development.js:26077
commitRootWhenReady @ react-dom.development.js:24749
finishConcurrentRender @ react-dom.development.js:24714
performConcurrentWorkOnRoot @ react-dom.development.js:24559
workLoop @ scheduler.development.js:256
flushWork @ scheduler.development.js:225
performWorkUntilDeadline @ scheduler.development.js:534
app-index.js:33 [next-auth][error][CLIENT_FETCH_ERROR] 
https://next-auth.js.org/errors#client_fetch_error Unexpected token '<', "<!DOCTYPE "... is not valid JSON {error: {…}, url: '/api/auth/session', message: `Unexpected token '<', "<!DOCTYPE "... is not valid JSON`}
window.console.error @ app-index.js:33
console.error @ hydration-error-info.js:63
error @ logger.js:37
_callee$ @ logger.js:70
tryCatch @ regeneratorRuntime.js:45
eval @ regeneratorRuntime.js:133
eval @ regeneratorRuntime.js:74
asyncGeneratorStep @ asyncToGenerator.js:3
_next @ asyncToGenerator.js:17
eval @ asyncToGenerator.js:22
eval @ asyncToGenerator.js:14
eval @ logger.js:102
_callee$ @ _utils.js:66
tryCatch @ regeneratorRuntime.js:45
eval @ regeneratorRuntime.js:133
eval @ regeneratorRuntime.js:74
asyncGeneratorStep @ asyncToGenerator.js:3
_throw @ asyncToGenerator.js:20
Promise.then
asyncGeneratorStep @ asyncToGenerator.js:8
_next @ asyncToGenerator.js:17
Promise.then
asyncGeneratorStep @ asyncToGenerator.js:8
_next @ asyncToGenerator.js:17
eval @ asyncToGenerator.js:22
eval @ asyncToGenerator.js:14
fetchData @ _utils.js:17
_callee3$ @ index.js:127
tryCatch @ regeneratorRuntime.js:45
eval @ regeneratorRuntime.js:133
eval @ regeneratorRuntime.js:74
asyncGeneratorStep @ asyncToGenerator.js:3
_next @ asyncToGenerator.js:17
eval @ asyncToGenerator.js:22
eval @ asyncToGenerator.js:14
getSession @ index.js:117
_callee$ @ index.js:401
tryCatch @ regeneratorRuntime.js:45
eval @ regeneratorRuntime.js:133
eval @ regeneratorRuntime.js:74
asyncGeneratorStep @ asyncToGenerator.js:3
_next @ asyncToGenerator.js:17
eval @ asyncToGenerator.js:22
eval @ asyncToGenerator.js:14
eval @ index.js:437
commitHookEffectListMount @ react-dom.development.js:21102
invokePassiveEffectMountInDEV @ react-dom.development.js:23980
invokeEffectsInDev @ react-dom.development.js:26852
legacyCommitDoubleInvokeEffectsInDEV @ react-dom.development.js:26835
commitDoubleInvokeEffectsInDEV @ react-dom.development.js:26816
flushPassiveEffectsImpl @ react-dom.development.js:26514
flushPassiveEffects @ react-dom.development.js:26438
performSyncWorkOnRoot @ react-dom.development.js:24870
flushSyncWorkAcrossRoots_impl @ react-dom.development.js:7758
flushSyncWorkOnAllRoots @ react-dom.development.js:7718
commitRootImpl @ react-dom.development.js:26369
commitRoot @ react-dom.development.js:26077
commitRootWhenReady @ react-dom.development.js:24749
finishConcurrentRender @ react-dom.development.js:24714
performConcurrentWorkOnRoot @ react-dom.development.js:24559
workLoop @ scheduler.development.js:256
flushWork @ scheduler.development.js:225
performWorkUntilDeadline @ scheduler.development.js:534
login:1 The resource http://167.99.69.47:3000/_next/static/media/a34f9d1faa5f3315-s.p.woff2 was preloaded using link preload but not used within a few seconds from the window's load event. Please make sure it has an appropriate `as` value and it is preloaded intentionally.
